#-----------------------------------------------------------
# Vivado v2019.1 (64-bit)
# SW Build 2552052 on Fri May 24 14:49:42 MDT 2019
# IP Build 2548770 on Fri May 24 18:01:18 MDT 2019
# Start of session at: Wed Jul 20 15:55:20 2022
# Process ID: 7656
# Current directory: C:/Users/zy/Desktop/Square_Root
# Command line: vivado.exe -gui_launcher_event rodinguilauncherevent8432 C:\Users\zy\Desktop\Square_Root\Square_Root.xpr
# Log file: C:/Users/zy/Desktop/Square_Root/vivado.log
# Journal file: C:/Users/zy/Desktop/Square_Root\vivado.jou
#-----------------------------------------------------------
start_gui
open_project C:/Users/zy/Desktop/Square_Root/Square_Root.xpr
Scanning sources...
Finished scanning sources
INFO: [IP_Flow 19-234] Refreshing IP repositories
INFO: [IP_Flow 19-1704] No user IP repositories specified
INFO: [IP_Flow 19-2313] Loaded Vivado IP repository 'C:/Xilinx/2019/Vivado/2019.1/data/ip'.
open_project: Time (s): cpu = 00:00:12 ; elapsed = 00:00:06 . Memory (MB): peak = 814.840 ; gain = 200.648
update_compile_order -fileset sources_1
exlaunch_simulation
INFO: [Vivado 12-5682] Launching behavioral simulation in 'C:/Users/zy/Desktop/Square_Root/Square_Root.sim/sim_1/behav/xsim'
INFO: [SIM-utils-51] Simulation object is 'sim_1'
INFO: [SIM-utils-54] Inspecting design source files for 'sim' in fileset 'sim_1'...
INFO: [USF-XSim-97] Finding global include files...
INFO: [USF-XSim-98] Fetching design files from 'sim_1'...
INFO: [USF-XSim-2] XSim::Compile design
INFO: [USF-XSim-61] Executing 'COMPILE and ANALYZE' step in 'C:/Users/zy/Desktop/Square_Root/Square_Root.sim/sim_1/behav/xsim'
"xvlog --incr --relax -prj sim_vlog.prj"
INFO: [VRFC 10-2263] Analyzing Verilog file "C:/Users/zy/Desktop/Square_Root/Square_Root.srcs/sources_1/new/Real.v" into library xil_defaultlib
INFO: [VRFC 10-311] analyzing module Real
INFO: [VRFC 10-2263] Analyzing Verilog file "C:/Users/zy/Desktop/Square_Root/Square_Root.srcs/sim_1/new/sim.v" into library xil_defaultlib
INFO: [VRFC 10-311] analyzing module sim
INFO: [USF-XSim-69] 'compile' step finished in '1' seconds
INFO: [USF-XSim-3] XSim::Elaborate design
INFO: [USF-XSim-61] Executing 'ELABORATE' step in 'C:/Users/zy/Desktop/Square_Root/Square_Root.sim/sim_1/behav/xsim'
"xelab -wto f214099bbe314940aa0229cee7f24bdc --incr --debug typical --relax --mt 2 -L xil_defaultlib -L unisims_ver -L unimacro_ver -L secureip --snapshot sim_behav xil_defaultlib.sim xil_defaultlib.glbl -log elaborate.log"
Vivado Simulator 2019.1
Copyright 1986-1999, 2001-2019 Xilinx, Inc. All Rights Reserved.
Running: C:/Xilinx/2019/Vivado/2019.1/bin/unwrapped/win64.o/xelab.exe -wto f214099bbe314940aa0229cee7f24bdc --incr --debug typical --relax --mt 2 -L xil_defaultlib -L unisims_ver -L unimacro_ver -L secureip --snapshot sim_behav xil_defaultlib.sim xil_defaultlib.glbl -log elaborate.log 
Using 2 slave threads.
Starting static elaboration
WARNING: [VRFC 10-3705] select index 63 into 'shift_x' is out of bounds [C:/Users/zy/Desktop/Square_Root/Square_Root.srcs/sources_1/new/Real.v:88]
Completed static elaboration
Starting simulation data flow analysis
Completed simulation data flow analysis
Time Resolution for simulation is 1ps
Compiling module xil_defaultlib.Real
Compiling module xil_defaultlib.sim
Compiling module xil_defaultlib.glbl
Built simulation snapshot sim_behav
INFO: [USF-XSim-69] 'elaborate' step finished in '2' seconds
INFO: [USF-XSim-4] XSim::Simulate design
INFO: [USF-XSim-61] Executing 'SIMULATE' step in 'C:/Users/zy/Desktop/Square_Root/Square_Root.sim/sim_1/behav/xsim'
INFO: [USF-XSim-98] *** Running xsim
   with args "sim_behav -key {Behavioral:sim_1:Functional:sim} -tclbatch {sim.tcl} -view {C:/Users/zy/Desktop/Square_Root/sim_behav.wcfg} -log {simulate.log}"
INFO: [USF-XSim-8] Loading simulator feature
Vivado Simulator 2019.1
Time resolution is 1 ps
open_wave_config C:/Users/zy/Desktop/Square_Root/sim_behav.wcfg
source sim.tcl
# set curr_wave [current_wave_config]
# if { [string length $curr_wave] == 0 } {
#   if { [llength [get_objects]] > 0} {
#     add_wave /
#     set_property needs_save false [current_wave_config]
#   } else {
#      send_msg_id Add_Wave-1 WARNING "No top level signals found. Simulator will start without a wave window. If you want to open a wave window go to 'File->New Waveform Configuration' or type 'create_wave_config' in the TCL console."
#   }
# }
# run 1000ns
INFO: [USF-XSim-96] XSim completed. Design snapshot 'sim_behav' loaded.
INFO: [USF-XSim-97] XSim simulation ran for 1000ns
launch_simulation: Time (s): cpu = 00:00:08 ; elapsed = 00:00:08 . Memory (MB): peak = 855.547 ; gain = 28.172
relaunch_sim
INFO: [Vivado 12-5682] Launching behavioral simulation in 'C:/Users/zy/Desktop/Square_Root/Square_Root.sim/sim_1/behav/xsim'
INFO: [SIM-utils-51] Simulation object is 'sim_1'
INFO: [SIM-utils-54] Inspecting design source files for 'sim' in fileset 'sim_1'...
INFO: [USF-XSim-97] Finding global include files...
INFO: [USF-XSim-98] Fetching design files from 'sim_1'...
INFO: [USF-XSim-2] XSim::Compile design
INFO: [USF-XSim-61] Executing 'COMPILE and ANALYZE' step in 'C:/Users/zy/Desktop/Square_Root/Square_Root.sim/sim_1/behav/xsim'
"xvlog --incr --relax -prj sim_vlog.prj"
INFO: [VRFC 10-2263] Analyzing Verilog file "C:/Users/zy/Desktop/Square_Root/Square_Root.srcs/sources_1/new/Real.v" into library xil_defaultlib
INFO: [VRFC 10-311] analyzing module Real
INFO: [VRFC 10-2263] Analyzing Verilog file "C:/Users/zy/Desktop/Square_Root/Square_Root.srcs/sim_1/new/sim.v" into library xil_defaultlib
INFO: [VRFC 10-311] analyzing module sim
INFO: [USF-XSim-69] 'compile' step finished in '2' seconds
INFO: [Vivado 12-5682] Launching behavioral simulation in 'C:/Users/zy/Desktop/Square_Root/Square_Root.sim/sim_1/behav/xsim'
INFO: [USF-XSim-3] XSim::Elaborate design
INFO: [USF-XSim-61] Executing 'ELABORATE' step in 'C:/Users/zy/Desktop/Square_Root/Square_Root.sim/sim_1/behav/xsim'
"xelab -wto f214099bbe314940aa0229cee7f24bdc --incr --debug typical --relax --mt 2 -L xil_defaultlib -L unisims_ver -L unimacro_ver -L secureip --snapshot sim_behav xil_defaultlib.sim xil_defaultlib.glbl -log elaborate.log"
Vivado Simulator 2019.1
Copyright 1986-1999, 2001-2019 Xilinx, Inc. All Rights Reserved.
Running: C:/Xilinx/2019/Vivado/2019.1/bin/unwrapped/win64.o/xelab.exe -wto f214099bbe314940aa0229cee7f24bdc --incr --debug typical --relax --mt 2 -L xil_defaultlib -L unisims_ver -L unimacro_ver -L secureip --snapshot sim_behav xil_defaultlib.sim xil_defaultlib.glbl -log elaborate.log 
Using 2 slave threads.
Starting static elaboration
WARNING: [VRFC 10-3705] select index 63 into 'shift_x' is out of bounds [C:/Users/zy/Desktop/Square_Root/Square_Root.srcs/sources_1/new/Real.v:88]
Completed static elaboration
Starting simulation data flow analysis
Completed simulation data flow analysis
Time Resolution for simulation is 1ps
Compiling module xil_defaultlib.Real
Compiling module xil_defaultlib.sim
Compiling module xil_defaultlib.glbl
Built simulation snapshot sim_behav
INFO: [USF-XSim-69] 'elaborate' step finished in '2' seconds
Vivado Simulator 2019.1
Time resolution is 1 ps
relaunch_sim: Time (s): cpu = 00:00:02 ; elapsed = 00:00:06 . Memory (MB): peak = 855.547 ; gain = 0.000
relaunch_sim
INFO: [Vivado 12-5682] Launching behavioral simulation in 'C:/Users/zy/Desktop/Square_Root/Square_Root.sim/sim_1/behav/xsim'
INFO: [SIM-utils-51] Simulation object is 'sim_1'
INFO: [SIM-utils-54] Inspecting design source files for 'sim' in fileset 'sim_1'...
INFO: [USF-XSim-97] Finding global include files...
INFO: [USF-XSim-98] Fetching design files from 'sim_1'...
INFO: [USF-XSim-2] XSim::Compile design
INFO: [USF-XSim-61] Executing 'COMPILE and ANALYZE' step in 'C:/Users/zy/Desktop/Square_Root/Square_Root.sim/sim_1/behav/xsim'
"xvlog --incr --relax -prj sim_vlog.prj"
INFO: [VRFC 10-2263] Analyzing Verilog file "C:/Users/zy/Desktop/Square_Root/Square_Root.srcs/sources_1/new/Real.v" into library xil_defaultlib
INFO: [VRFC 10-311] analyzing module Real
INFO: [VRFC 10-2263] Analyzing Verilog file "C:/Users/zy/Desktop/Square_Root/Square_Root.srcs/sim_1/new/sim.v" into library xil_defaultlib
INFO: [VRFC 10-311] analyzing module sim
INFO: [USF-XSim-69] 'compile' step finished in '1' seconds
INFO: [Vivado 12-5682] Launching behavioral simulation in 'C:/Users/zy/Desktop/Square_Root/Square_Root.sim/sim_1/behav/xsim'
INFO: [USF-XSim-3] XSim::Elaborate design
INFO: [USF-XSim-61] Executing 'ELABORATE' step in 'C:/Users/zy/Desktop/Square_Root/Square_Root.sim/sim_1/behav/xsim'
"xelab -wto f214099bbe314940aa0229cee7f24bdc --incr --debug typical --relax --mt 2 -L xil_defaultlib -L unisims_ver -L unimacro_ver -L secureip --snapshot sim_behav xil_defaultlib.sim xil_defaultlib.glbl -log elaborate.log"
Vivado Simulator 2019.1
Copyright 1986-1999, 2001-2019 Xilinx, Inc. All Rights Reserved.
Running: C:/Xilinx/2019/Vivado/2019.1/bin/unwrapped/win64.o/xelab.exe -wto f214099bbe314940aa0229cee7f24bdc --incr --debug typical --relax --mt 2 -L xil_defaultlib -L unisims_ver -L unimacro_ver -L secureip --snapshot sim_behav xil_defaultlib.sim xil_defaultlib.glbl -log elaborate.log 
Using 2 slave threads.
Starting static elaboration
WARNING: [VRFC 10-3705] select index 63 into 'shift_x' is out of bounds [C:/Users/zy/Desktop/Square_Root/Square_Root.srcs/sources_1/new/Real.v:88]
Completed static elaboration
Starting simulation data flow analysis
Completed simulation data flow analysis
Time Resolution for simulation is 1ps
Compiling module xil_defaultlib.Real
Compiling module xil_defaultlib.sim
Compiling module xil_defaultlib.glbl
Built simulation snapshot sim_behav
INFO: [USF-XSim-69] 'elaborate' step finished in '2' seconds
Vivado Simulator 2019.1
Time resolution is 1 ps
relaunch_sim: Time (s): cpu = 00:00:01 ; elapsed = 00:00:06 . Memory (MB): peak = 872.988 ; gain = 0.000
relaunch_sim
INFO: [Vivado 12-5682] Launching behavioral simulation in 'C:/Users/zy/Desktop/Square_Root/Square_Root.sim/sim_1/behav/xsim'
INFO: [SIM-utils-51] Simulation object is 'sim_1'
INFO: [SIM-utils-54] Inspecting design source files for 'sim' in fileset 'sim_1'...
INFO: [USF-XSim-97] Finding global include files...
INFO: [USF-XSim-98] Fetching design files from 'sim_1'...
INFO: [USF-XSim-2] XSim::Compile design
INFO: [USF-XSim-61] Executing 'COMPILE and ANALYZE' step in 'C:/Users/zy/Desktop/Square_Root/Square_Root.sim/sim_1/behav/xsim'
"xvlog --incr --relax -prj sim_vlog.prj"
INFO: [VRFC 10-2263] Analyzing Verilog file "C:/Users/zy/Desktop/Square_Root/Square_Root.srcs/sources_1/new/Real.v" into library xil_defaultlib
INFO: [VRFC 10-311] analyzing module Real
INFO: [VRFC 10-2263] Analyzing Verilog file "C:/Users/zy/Desktop/Square_Root/Square_Root.srcs/sim_1/new/sim.v" into library xil_defaultlib
INFO: [VRFC 10-311] analyzing module sim
INFO: [USF-XSim-69] 'compile' step finished in '1' seconds
INFO: [Vivado 12-5682] Launching behavioral simulation in 'C:/Users/zy/Desktop/Square_Root/Square_Root.sim/sim_1/behav/xsim'
INFO: [USF-XSim-3] XSim::Elaborate design
INFO: [USF-XSim-61] Executing 'ELABORATE' step in 'C:/Users/zy/Desktop/Square_Root/Square_Root.sim/sim_1/behav/xsim'
"xelab -wto f214099bbe314940aa0229cee7f24bdc --incr --debug typical --relax --mt 2 -L xil_defaultlib -L unisims_ver -L unimacro_ver -L secureip --snapshot sim_behav xil_defaultlib.sim xil_defaultlib.glbl -log elaborate.log"
Vivado Simulator 2019.1
Copyright 1986-1999, 2001-2019 Xilinx, Inc. All Rights Reserved.
Running: C:/Xilinx/2019/Vivado/2019.1/bin/unwrapped/win64.o/xelab.exe -wto f214099bbe314940aa0229cee7f24bdc --incr --debug typical --relax --mt 2 -L xil_defaultlib -L unisims_ver -L unimacro_ver -L secureip --snapshot sim_behav xil_defaultlib.sim xil_defaultlib.glbl -log elaborate.log 
Using 2 slave threads.
Starting static elaboration
WARNING: [VRFC 10-3705] select index 63 into 'shift_x' is out of bounds [C:/Users/zy/Desktop/Square_Root/Square_Root.srcs/sources_1/new/Real.v:88]
Completed static elaboration
Starting simulation data flow analysis
Completed simulation data flow analysis
Time Resolution for simulation is 1ps
Compiling module xil_defaultlib.Real
Compiling module xil_defaultlib.sim
Compiling module xil_defaultlib.glbl
Built simulation snapshot sim_behav
INFO: [USF-XSim-69] 'elaborate' step finished in '2' seconds
Vivado Simulator 2019.1
Time resolution is 1 ps
relaunch_sim: Time (s): cpu = 00:00:01 ; elapsed = 00:00:06 . Memory (MB): peak = 872.988 ; gain = 0.000
relaunch_sim
INFO: [Vivado 12-5682] Launching behavioral simulation in 'C:/Users/zy/Desktop/Square_Root/Square_Root.sim/sim_1/behav/xsim'
INFO: [SIM-utils-51] Simulation object is 'sim_1'
INFO: [SIM-utils-54] Inspecting design source files for 'sim' in fileset 'sim_1'...
INFO: [USF-XSim-97] Finding global include files...
INFO: [USF-XSim-98] Fetching design files from 'sim_1'...
INFO: [USF-XSim-2] XSim::Compile design
INFO: [USF-XSim-61] Executing 'COMPILE and ANALYZE' step in 'C:/Users/zy/Desktop/Square_Root/Square_Root.sim/sim_1/behav/xsim'
"xvlog --incr --relax -prj sim_vlog.prj"
INFO: [VRFC 10-2263] Analyzing Verilog file "C:/Users/zy/Desktop/Square_Root/Square_Root.srcs/sources_1/new/Real.v" into library xil_defaultlib
INFO: [VRFC 10-311] analyzing module Real
INFO: [VRFC 10-2263] Analyzing Verilog file "C:/Users/zy/Desktop/Square_Root/Square_Root.srcs/sim_1/new/sim.v" into library xil_defaultlib
INFO: [VRFC 10-311] analyzing module sim
INFO: [USF-XSim-69] 'compile' step finished in '2' seconds
INFO: [Vivado 12-5682] Launching behavioral simulation in 'C:/Users/zy/Desktop/Square_Root/Square_Root.sim/sim_1/behav/xsim'
INFO: [USF-XSim-3] XSim::Elaborate design
INFO: [USF-XSim-61] Executing 'ELABORATE' step in 'C:/Users/zy/Desktop/Square_Root/Square_Root.sim/sim_1/behav/xsim'
"xelab -wto f214099bbe314940aa0229cee7f24bdc --incr --debug typical --relax --mt 2 -L xil_defaultlib -L unisims_ver -L unimacro_ver -L secureip --snapshot sim_behav xil_defaultlib.sim xil_defaultlib.glbl -log elaborate.log"
Vivado Simulator 2019.1
Copyright 1986-1999, 2001-2019 Xilinx, Inc. All Rights Reserved.
Running: C:/Xilinx/2019/Vivado/2019.1/bin/unwrapped/win64.o/xelab.exe -wto f214099bbe314940aa0229cee7f24bdc --incr --debug typical --relax --mt 2 -L xil_defaultlib -L unisims_ver -L unimacro_ver -L secureip --snapshot sim_behav xil_defaultlib.sim xil_defaultlib.glbl -log elaborate.log 
Using 2 slave threads.
Starting static elaboration
WARNING: [VRFC 10-3705] select index 63 into 'shift_x' is out of bounds [C:/Users/zy/Desktop/Square_Root/Square_Root.srcs/sources_1/new/Real.v:88]
Completed static elaboration
Starting simulation data flow analysis
Completed simulation data flow analysis
Time Resolution for simulation is 1ps
Compiling module xil_defaultlib.Real
Compiling module xil_defaultlib.sim
Compiling module xil_defaultlib.glbl
Built simulation snapshot sim_behav
INFO: [USF-XSim-69] 'elaborate' step finished in '2' seconds
Vivado Simulator 2019.1
Time resolution is 1 ps
relaunch_sim: Time (s): cpu = 00:00:01 ; elapsed = 00:00:07 . Memory (MB): peak = 872.988 ; gain = 0.000
relaunch_sim
INFO: [Vivado 12-5682] Launching behavioral simulation in 'C:/Users/zy/Desktop/Square_Root/Square_Root.sim/sim_1/behav/xsim'
INFO: [SIM-utils-51] Simulation object is 'sim_1'
INFO: [SIM-utils-54] Inspecting design source files for 'sim' in fileset 'sim_1'...
INFO: [USF-XSim-97] Finding global include files...
INFO: [USF-XSim-98] Fetching design files from 'sim_1'...
INFO: [USF-XSim-2] XSim::Compile design
INFO: [USF-XSim-61] Executing 'COMPILE and ANALYZE' step in 'C:/Users/zy/Desktop/Square_Root/Square_Root.sim/sim_1/behav/xsim'
"xvlog --incr --relax -prj sim_vlog.prj"
INFO: [VRFC 10-2263] Analyzing Verilog file "C:/Users/zy/Desktop/Square_Root/Square_Root.srcs/sources_1/new/Real.v" into library xil_defaultlib
INFO: [VRFC 10-311] analyzing module Real
INFO: [VRFC 10-2263] Analyzing Verilog file "C:/Users/zy/Desktop/Square_Root/Square_Root.srcs/sim_1/new/sim.v" into library xil_defaultlib
INFO: [VRFC 10-311] analyzing module sim
INFO: [USF-XSim-69] 'compile' step finished in '2' seconds
INFO: [Vivado 12-5682] Launching behavioral simulation in 'C:/Users/zy/Desktop/Square_Root/Square_Root.sim/sim_1/behav/xsim'
INFO: [USF-XSim-3] XSim::Elaborate design
INFO: [USF-XSim-61] Executing 'ELABORATE' step in 'C:/Users/zy/Desktop/Square_Root/Square_Root.sim/sim_1/behav/xsim'
"xelab -wto f214099bbe314940aa0229cee7f24bdc --incr --debug typical --relax --mt 2 -L xil_defaultlib -L unisims_ver -L unimacro_ver -L secureip --snapshot sim_behav xil_defaultlib.sim xil_defaultlib.glbl -log elaborate.log"
Vivado Simulator 2019.1
Copyright 1986-1999, 2001-2019 Xilinx, Inc. All Rights Reserved.
Running: C:/Xilinx/2019/Vivado/2019.1/bin/unwrapped/win64.o/xelab.exe -wto f214099bbe314940aa0229cee7f24bdc --incr --debug typical --relax --mt 2 -L xil_defaultlib -L unisims_ver -L unimacro_ver -L secureip --snapshot sim_behav xil_defaultlib.sim xil_defaultlib.glbl -log elaborate.log 
Using 2 slave threads.
Starting static elaboration
WARNING: [VRFC 10-3705] select index 63 into 'shift_x' is out of bounds [C:/Users/zy/Desktop/Square_Root/Square_Root.srcs/sources_1/new/Real.v:88]
Completed static elaboration
Starting simulation data flow analysis
Completed simulation data flow analysis
Time Resolution for simulation is 1ps
Compiling module xil_defaultlib.Real
Compiling module xil_defaultlib.sim
Compiling module xil_defaultlib.glbl
Built simulation snapshot sim_behav
INFO: [USF-XSim-69] 'elaborate' step finished in '1' seconds
Vivado Simulator 2019.1
Time resolution is 1 ps
relaunch_sim: Time (s): cpu = 00:00:03 ; elapsed = 00:00:06 . Memory (MB): peak = 872.988 ; gain = 0.000
relaunch_sim
INFO: [Vivado 12-5682] Launching behavioral simulation in 'C:/Users/zy/Desktop/Square_Root/Square_Root.sim/sim_1/behav/xsim'
INFO: [SIM-utils-51] Simulation object is 'sim_1'
INFO: [SIM-utils-54] Inspecting design source files for 'sim' in fileset 'sim_1'...
INFO: [USF-XSim-97] Finding global include files...
INFO: [USF-XSim-98] Fetching design files from 'sim_1'...
INFO: [USF-XSim-2] XSim::Compile design
INFO: [USF-XSim-61] Executing 'COMPILE and ANALYZE' step in 'C:/Users/zy/Desktop/Square_Root/Square_Root.sim/sim_1/behav/xsim'
INFO: [Common 17-41] Interrupt caught. Command should exit soon.
"xvlog --incr --relax -prj sim_vlog.prj"
INFO: [VRFC 10-2263] Analyzing Verilog file "C:/Users/zy/Desktop/Square_Root/Square_Root.srcs/sources_1/new/Real.v" into library xil_defaultlib
INFO: [VRFC 10-311] analyzing module Real
INFO: [VRFC 10-2263] Analyzing Verilog file "C:/Users/zy/Desktop/Square_Root/Square_Root.srcs/sim_1/new/sim.v" into library xil_defaultlib
INFO: [VRFC 10-311] analyzing module sim
INFO: [Common 17-344] 'run_program' was cancelled
INFO: [Vivado 12-5357] 'compile' step aborted
INFO: [Common 17-344] 'launch_simulation' was cancelled
INFO: [Common 17-344] 'relaunch_sim' was cancelled
relaunch_sim
INFO: [Vivado 12-5682] Launching behavioral simulation in 'C:/Users/zy/Desktop/Square_Root/Square_Root.sim/sim_1/behav/xsim'
INFO: [SIM-utils-51] Simulation object is 'sim_1'
INFO: [SIM-utils-54] Inspecting design source files for 'sim' in fileset 'sim_1'...
INFO: [USF-XSim-97] Finding global include files...
INFO: [USF-XSim-98] Fetching design files from 'sim_1'...
INFO: [USF-XSim-2] XSim::Compile design
INFO: [USF-XSim-61] Executing 'COMPILE and ANALYZE' step in 'C:/Users/zy/Desktop/Square_Root/Square_Root.sim/sim_1/behav/xsim'
"xvlog --incr --relax -prj sim_vlog.prj"
INFO: [VRFC 10-2263] Analyzing Verilog file "C:/Users/zy/Desktop/Square_Root/Square_Root.srcs/sources_1/new/Real.v" into library xil_defaultlib
INFO: [VRFC 10-311] analyzing module Real
INFO: [VRFC 10-2263] Analyzing Verilog file "C:/Users/zy/Desktop/Square_Root/Square_Root.srcs/sim_1/new/sim.v" into library xil_defaultlib
INFO: [VRFC 10-311] analyzing module sim
INFO: [USF-XSim-69] 'compile' step finished in '1' seconds
INFO: [Vivado 12-5682] Launching behavioral simulation in 'C:/Users/zy/Desktop/Square_Root/Square_Root.sim/sim_1/behav/xsim'
INFO: [USF-XSim-3] XSim::Elaborate design
INFO: [USF-XSim-61] Executing 'ELABORATE' step in 'C:/Users/zy/Desktop/Square_Root/Square_Root.sim/sim_1/behav/xsim'
"xelab -wto f214099bbe314940aa0229cee7f24bdc --incr --debug typical --relax --mt 2 -L xil_defaultlib -L unisims_ver -L unimacro_ver -L secureip --snapshot sim_behav xil_defaultlib.sim xil_defaultlib.glbl -log elaborate.log"
Vivado Simulator 2019.1
Copyright 1986-1999, 2001-2019 Xilinx, Inc. All Rights Reserved.
Running: C:/Xilinx/2019/Vivado/2019.1/bin/unwrapped/win64.o/xelab.exe -wto f214099bbe314940aa0229cee7f24bdc --incr --debug typical --relax --mt 2 -L xil_defaultlib -L unisims_ver -L unimacro_ver -L secureip --snapshot sim_behav xil_defaultlib.sim xil_defaultlib.glbl -log elaborate.log 
Using 2 slave threads.
Starting static elaboration
WARNING: [VRFC 10-3705] select index 63 into 'shift_x' is out of bounds [C:/Users/zy/Desktop/Square_Root/Square_Root.srcs/sources_1/new/Real.v:88]
Completed static elaboration
Starting simulation data flow analysis
Completed simulation data flow analysis
Time Resolution for simulation is 1ps
Compiling module xil_defaultlib.Real
Compiling module xil_defaultlib.sim
Compiling module xil_defaultlib.glbl
Built simulation snapshot sim_behav
INFO: [USF-XSim-69] 'elaborate' step finished in '2' seconds
Vivado Simulator 2019.1
Time resolution is 1 ps
relaunch_sim: Time (s): cpu = 00:00:01 ; elapsed = 00:00:07 . Memory (MB): peak = 872.988 ; gain = 0.000
relaunch_sim
INFO: [Vivado 12-5682] Launching behavioral simulation in 'C:/Users/zy/Desktop/Square_Root/Square_Root.sim/sim_1/behav/xsim'
INFO: [SIM-utils-51] Simulation object is 'sim_1'
INFO: [SIM-utils-54] Inspecting design source files for 'sim' in fileset 'sim_1'...
INFO: [USF-XSim-97] Finding global include files...
INFO: [USF-XSim-98] Fetching design files from 'sim_1'...
INFO: [USF-XSim-2] XSim::Compile design
INFO: [USF-XSim-61] Executing 'COMPILE and ANALYZE' step in 'C:/Users/zy/Desktop/Square_Root/Square_Root.sim/sim_1/behav/xsim'
"xvlog --incr --relax -prj sim_vlog.prj"
INFO: [VRFC 10-2263] Analyzing Verilog file "C:/Users/zy/Desktop/Square_Root/Square_Root.srcs/sources_1/new/Real.v" into library xil_defaultlib
INFO: [VRFC 10-311] analyzing module Real
INFO: [VRFC 10-2263] Analyzing Verilog file "C:/Users/zy/Desktop/Square_Root/Square_Root.srcs/sim_1/new/sim.v" into library xil_defaultlib
INFO: [VRFC 10-311] analyzing module sim
INFO: [USF-XSim-69] 'compile' step finished in '1' seconds
INFO: [Vivado 12-5682] Launching behavioral simulation in 'C:/Users/zy/Desktop/Square_Root/Square_Root.sim/sim_1/behav/xsim'
INFO: [USF-XSim-3] XSim::Elaborate design
INFO: [USF-XSim-61] Executing 'ELABORATE' step in 'C:/Users/zy/Desktop/Square_Root/Square_Root.sim/sim_1/behav/xsim'
"xelab -wto f214099bbe314940aa0229cee7f24bdc --incr --debug typical --relax --mt 2 -L xil_defaultlib -L unisims_ver -L unimacro_ver -L secureip --snapshot sim_behav xil_defaultlib.sim xil_defaultlib.glbl -log elaborate.log"
Vivado Simulator 2019.1
Copyright 1986-1999, 2001-2019 Xilinx, Inc. All Rights Reserved.
Running: C:/Xilinx/2019/Vivado/2019.1/bin/unwrapped/win64.o/xelab.exe -wto f214099bbe314940aa0229cee7f24bdc --incr --debug typical --relax --mt 2 -L xil_defaultlib -L unisims_ver -L unimacro_ver -L secureip --snapshot sim_behav xil_defaultlib.sim xil_defaultlib.glbl -log elaborate.log 
Using 2 slave threads.
Starting static elaboration
WARNING: [VRFC 10-3705] select index 63 into 'shift_x' is out of bounds [C:/Users/zy/Desktop/Square_Root/Square_Root.srcs/sources_1/new/Real.v:88]
Completed static elaboration
Starting simulation data flow analysis
Completed simulation data flow analysis
Time Resolution for simulation is 1ps
Compiling module xil_defaultlib.Real
Compiling module xil_defaultlib.sim
Compiling module xil_defaultlib.glbl
Built simulation snapshot sim_behav
INFO: [USF-XSim-69] 'elaborate' step finished in '2' seconds
Vivado Simulator 2019.1
Time resolution is 1 ps
relaunch_sim: Time (s): cpu = 00:00:02 ; elapsed = 00:00:09 . Memory (MB): peak = 872.988 ; gain = 0.000
relaunch_sim
INFO: [Vivado 12-5682] Launching behavioral simulation in 'C:/Users/zy/Desktop/Square_Root/Square_Root.sim/sim_1/behav/xsim'
INFO: [SIM-utils-51] Simulation object is 'sim_1'
INFO: [SIM-utils-54] Inspecting design source files for 'sim' in fileset 'sim_1'...
INFO: [USF-XSim-97] Finding global include files...
INFO: [USF-XSim-98] Fetching design files from 'sim_1'...
INFO: [USF-XSim-2] XSim::Compile design
INFO: [USF-XSim-61] Executing 'COMPILE and ANALYZE' step in 'C:/Users/zy/Desktop/Square_Root/Square_Root.sim/sim_1/behav/xsim'
"xvlog --incr --relax -prj sim_vlog.prj"
INFO: [VRFC 10-2263] Analyzing Verilog file "C:/Users/zy/Desktop/Square_Root/Square_Root.srcs/sources_1/new/Real.v" into library xil_defaultlib
INFO: [VRFC 10-311] analyzing module Real
INFO: [VRFC 10-2263] Analyzing Verilog file "C:/Users/zy/Desktop/Square_Root/Square_Root.srcs/sim_1/new/sim.v" into library xil_defaultlib
INFO: [VRFC 10-311] analyzing module sim
INFO: [USF-XSim-69] 'compile' step finished in '2' seconds
INFO: [Vivado 12-5682] Launching behavioral simulation in 'C:/Users/zy/Desktop/Square_Root/Square_Root.sim/sim_1/behav/xsim'
INFO: [USF-XSim-3] XSim::Elaborate design
INFO: [USF-XSim-61] Executing 'ELABORATE' step in 'C:/Users/zy/Desktop/Square_Root/Square_Root.sim/sim_1/behav/xsim'
"xelab -wto f214099bbe314940aa0229cee7f24bdc --incr --debug typical --relax --mt 2 -L xil_defaultlib -L unisims_ver -L unimacro_ver -L secureip --snapshot sim_behav xil_defaultlib.sim xil_defaultlib.glbl -log elaborate.log"
Vivado Simulator 2019.1
Copyright 1986-1999, 2001-2019 Xilinx, Inc. All Rights Reserved.
Running: C:/Xilinx/2019/Vivado/2019.1/bin/unwrapped/win64.o/xelab.exe -wto f214099bbe314940aa0229cee7f24bdc --incr --debug typical --relax --mt 2 -L xil_defaultlib -L unisims_ver -L unimacro_ver -L secureip --snapshot sim_behav xil_defaultlib.sim xil_defaultlib.glbl -log elaborate.log 
Using 2 slave threads.
Starting static elaboration
WARNING: [VRFC 10-3705] select index 63 into 'shift_x' is out of bounds [C:/Users/zy/Desktop/Square_Root/Square_Root.srcs/sources_1/new/Real.v:88]
Completed static elaboration
Starting simulation data flow analysis
Completed simulation data flow analysis
Time Resolution for simulation is 1ps
Compiling module xil_defaultlib.Real
Compiling module xil_defaultlib.sim
Compiling module xil_defaultlib.glbl
Built simulation snapshot sim_behav
INFO: [USF-XSim-69] 'elaborate' step finished in '1' seconds
Vivado Simulator 2019.1
Time resolution is 1 ps
relaunch_sim: Time (s): cpu = 00:00:02 ; elapsed = 00:00:07 . Memory (MB): peak = 872.988 ; gain = 0.000
relaunch_sim
INFO: [Vivado 12-5682] Launching behavioral simulation in 'C:/Users/zy/Desktop/Square_Root/Square_Root.sim/sim_1/behav/xsim'
INFO: [SIM-utils-51] Simulation object is 'sim_1'
INFO: [SIM-utils-54] Inspecting design source files for 'sim' in fileset 'sim_1'...
INFO: [USF-XSim-97] Finding global include files...
INFO: [USF-XSim-98] Fetching design files from 'sim_1'...
INFO: [USF-XSim-2] XSim::Compile design
INFO: [USF-XSim-61] Executing 'COMPILE and ANALYZE' step in 'C:/Users/zy/Desktop/Square_Root/Square_Root.sim/sim_1/behav/xsim'
"xvlog --incr --relax -prj sim_vlog.prj"
INFO: [VRFC 10-2263] Analyzing Verilog file "C:/Users/zy/Desktop/Square_Root/Square_Root.srcs/sources_1/new/Real.v" into library xil_defaultlib
INFO: [VRFC 10-311] analyzing module Real
INFO: [VRFC 10-2263] Analyzing Verilog file "C:/Users/zy/Desktop/Square_Root/Square_Root.srcs/sim_1/new/sim.v" into library xil_defaultlib
INFO: [VRFC 10-311] analyzing module sim
INFO: [USF-XSim-69] 'compile' step finished in '1' seconds
INFO: [Vivado 12-5682] Launching behavioral simulation in 'C:/Users/zy/Desktop/Square_Root/Square_Root.sim/sim_1/behav/xsim'
INFO: [USF-XSim-3] XSim::Elaborate design
INFO: [USF-XSim-61] Executing 'ELABORATE' step in 'C:/Users/zy/Desktop/Square_Root/Square_Root.sim/sim_1/behav/xsim'
"xelab -wto f214099bbe314940aa0229cee7f24bdc --incr --debug typical --relax --mt 2 -L xil_defaultlib -L unisims_ver -L unimacro_ver -L secureip --snapshot sim_behav xil_defaultlib.sim xil_defaultlib.glbl -log elaborate.log"
Vivado Simulator 2019.1
Copyright 1986-1999, 2001-2019 Xilinx, Inc. All Rights Reserved.
Running: C:/Xilinx/2019/Vivado/2019.1/bin/unwrapped/win64.o/xelab.exe -wto f214099bbe314940aa0229cee7f24bdc --incr --debug typical --relax --mt 2 -L xil_defaultlib -L unisims_ver -L unimacro_ver -L secureip --snapshot sim_behav xil_defaultlib.sim xil_defaultlib.glbl -log elaborate.log 
Using 2 slave threads.
Starting static elaboration
WARNING: [VRFC 10-3705] select index 63 into 'shift_x' is out of bounds [C:/Users/zy/Desktop/Square_Root/Square_Root.srcs/sources_1/new/Real.v:88]
Completed static elaboration
Starting simulation data flow analysis
Completed simulation data flow analysis
Time Resolution for simulation is 1ps
Compiling module xil_defaultlib.Real
Compiling module xil_defaultlib.sim
Compiling module xil_defaultlib.glbl
Built simulation snapshot sim_behav
INFO: [USF-XSim-69] 'elaborate' step finished in '2' seconds
Vivado Simulator 2019.1
Time resolution is 1 ps
relaunch_sim: Time (s): cpu = 00:00:01 ; elapsed = 00:00:06 . Memory (MB): peak = 872.988 ; gain = 0.000
relaunch_sim
INFO: [Vivado 12-5682] Launching behavioral simulation in 'C:/Users/zy/Desktop/Square_Root/Square_Root.sim/sim_1/behav/xsim'
INFO: [SIM-utils-51] Simulation object is 'sim_1'
INFO: [SIM-utils-54] Inspecting design source files for 'sim' in fileset 'sim_1'...
INFO: [USF-XSim-97] Finding global include files...
INFO: [USF-XSim-98] Fetching design files from 'sim_1'...
INFO: [USF-XSim-2] XSim::Compile design
INFO: [USF-XSim-61] Executing 'COMPILE and ANALYZE' step in 'C:/Users/zy/Desktop/Square_Root/Square_Root.sim/sim_1/behav/xsim'
"xvlog --incr --relax -prj sim_vlog.prj"
INFO: [VRFC 10-2263] Analyzing Verilog file "C:/Users/zy/Desktop/Square_Root/Square_Root.srcs/sources_1/new/Real.v" into library xil_defaultlib
INFO: [VRFC 10-311] analyzing module Real
INFO: [VRFC 10-2263] Analyzing Verilog file "C:/Users/zy/Desktop/Square_Root/Square_Root.srcs/sim_1/new/sim.v" into library xil_defaultlib
INFO: [VRFC 10-311] analyzing module sim
INFO: [USF-XSim-69] 'compile' step finished in '1' seconds
INFO: [Vivado 12-5682] Launching behavioral simulation in 'C:/Users/zy/Desktop/Square_Root/Square_Root.sim/sim_1/behav/xsim'
INFO: [USF-XSim-3] XSim::Elaborate design
INFO: [USF-XSim-61] Executing 'ELABORATE' step in 'C:/Users/zy/Desktop/Square_Root/Square_Root.sim/sim_1/behav/xsim'
"xelab -wto f214099bbe314940aa0229cee7f24bdc --incr --debug typical --relax --mt 2 -L xil_defaultlib -L unisims_ver -L unimacro_ver -L secureip --snapshot sim_behav xil_defaultlib.sim xil_defaultlib.glbl -log elaborate.log"
Vivado Simulator 2019.1
Copyright 1986-1999, 2001-2019 Xilinx, Inc. All Rights Reserved.
Running: C:/Xilinx/2019/Vivado/2019.1/bin/unwrapped/win64.o/xelab.exe -wto f214099bbe314940aa0229cee7f24bdc --incr --debug typical --relax --mt 2 -L xil_defaultlib -L unisims_ver -L unimacro_ver -L secureip --snapshot sim_behav xil_defaultlib.sim xil_defaultlib.glbl -log elaborate.log 
Using 2 slave threads.
Starting static elaboration
WARNING: [VRFC 10-3705] select index 63 into 'shift_x' is out of bounds [C:/Users/zy/Desktop/Square_Root/Square_Root.srcs/sources_1/new/Real.v:88]
Completed static elaboration
Starting simulation data flow analysis
Completed simulation data flow analysis
Time Resolution for simulation is 1ps
Compiling module xil_defaultlib.Real
Compiling module xil_defaultlib.sim
Compiling module xil_defaultlib.glbl
Built simulation snapshot sim_behav
INFO: [USF-XSim-69] 'elaborate' step finished in '2' seconds
Vivado Simulator 2019.1
Time resolution is 1 ps
relaunch_sim: Time (s): cpu = 00:00:02 ; elapsed = 00:00:07 . Memory (MB): peak = 872.988 ; gain = 0.000
relaunch_sim
INFO: [Vivado 12-5682] Launching behavioral simulation in 'C:/Users/zy/Desktop/Square_Root/Square_Root.sim/sim_1/behav/xsim'
INFO: [SIM-utils-51] Simulation object is 'sim_1'
INFO: [SIM-utils-54] Inspecting design source files for 'sim' in fileset 'sim_1'...
INFO: [USF-XSim-97] Finding global include files...
INFO: [USF-XSim-98] Fetching design files from 'sim_1'...
INFO: [USF-XSim-2] XSim::Compile design
INFO: [USF-XSim-61] Executing 'COMPILE and ANALYZE' step in 'C:/Users/zy/Desktop/Square_Root/Square_Root.sim/sim_1/behav/xsim'
"xvlog --incr --relax -prj sim_vlog.prj"
INFO: [VRFC 10-2263] Analyzing Verilog file "C:/Users/zy/Desktop/Square_Root/Square_Root.srcs/sources_1/new/Real.v" into library xil_defaultlib
INFO: [VRFC 10-311] analyzing module Real
INFO: [VRFC 10-2263] Analyzing Verilog file "C:/Users/zy/Desktop/Square_Root/Square_Root.srcs/sim_1/new/sim.v" into library xil_defaultlib
INFO: [VRFC 10-311] analyzing module sim
INFO: [USF-XSim-69] 'compile' step finished in '1' seconds
INFO: [Vivado 12-5682] Launching behavioral simulation in 'C:/Users/zy/Desktop/Square_Root/Square_Root.sim/sim_1/behav/xsim'
INFO: [USF-XSim-3] XSim::Elaborate design
INFO: [USF-XSim-61] Executing 'ELABORATE' step in 'C:/Users/zy/Desktop/Square_Root/Square_Root.sim/sim_1/behav/xsim'
"xelab -wto f214099bbe314940aa0229cee7f24bdc --incr --debug typical --relax --mt 2 -L xil_defaultlib -L unisims_ver -L unimacro_ver -L secureip --snapshot sim_behav xil_defaultlib.sim xil_defaultlib.glbl -log elaborate.log"
Vivado Simulator 2019.1
Copyright 1986-1999, 2001-2019 Xilinx, Inc. All Rights Reserved.
Running: C:/Xilinx/2019/Vivado/2019.1/bin/unwrapped/win64.o/xelab.exe -wto f214099bbe314940aa0229cee7f24bdc --incr --debug typical --relax --mt 2 -L xil_defaultlib -L unisims_ver -L unimacro_ver -L secureip --snapshot sim_behav xil_defaultlib.sim xil_defaultlib.glbl -log elaborate.log 
Using 2 slave threads.
Starting static elaboration
WARNING: [VRFC 10-3705] select index 63 into 'shift_x' is out of bounds [C:/Users/zy/Desktop/Square_Root/Square_Root.srcs/sources_1/new/Real.v:88]
Completed static elaboration
Starting simulation data flow analysis
Completed simulation data flow analysis
Time Resolution for simulation is 1ps
Compiling module xil_defaultlib.Real
Compiling module xil_defaultlib.sim
Compiling module xil_defaultlib.glbl
Built simulation snapshot sim_behav
INFO: [USF-XSim-69] 'elaborate' step finished in '2' seconds
Vivado Simulator 2019.1
Time resolution is 1 ps
relaunch_sim: Time (s): cpu = 00:00:02 ; elapsed = 00:00:06 . Memory (MB): peak = 872.988 ; gain = 0.000
relaunch_sim
INFO: [Vivado 12-5682] Launching behavioral simulation in 'C:/Users/zy/Desktop/Square_Root/Square_Root.sim/sim_1/behav/xsim'
INFO: [SIM-utils-51] Simulation object is 'sim_1'
INFO: [SIM-utils-54] Inspecting design source files for 'sim' in fileset 'sim_1'...
INFO: [USF-XSim-97] Finding global include files...
INFO: [USF-XSim-98] Fetching design files from 'sim_1'...
INFO: [USF-XSim-2] XSim::Compile design
INFO: [USF-XSim-61] Executing 'COMPILE and ANALYZE' step in 'C:/Users/zy/Desktop/Square_Root/Square_Root.sim/sim_1/behav/xsim'
"xvlog --incr --relax -prj sim_vlog.prj"
INFO: [VRFC 10-2263] Analyzing Verilog file "C:/Users/zy/Desktop/Square_Root/Square_Root.srcs/sources_1/new/Real.v" into library xil_defaultlib
INFO: [VRFC 10-311] analyzing module Real
INFO: [VRFC 10-2263] Analyzing Verilog file "C:/Users/zy/Desktop/Square_Root/Square_Root.srcs/sim_1/new/sim.v" into library xil_defaultlib
INFO: [VRFC 10-311] analyzing module sim
INFO: [USF-XSim-69] 'compile' step finished in '1' seconds
INFO: [Vivado 12-5682] Launching behavioral simulation in 'C:/Users/zy/Desktop/Square_Root/Square_Root.sim/sim_1/behav/xsim'
INFO: [USF-XSim-3] XSim::Elaborate design
INFO: [USF-XSim-61] Executing 'ELABORATE' step in 'C:/Users/zy/Desktop/Square_Root/Square_Root.sim/sim_1/behav/xsim'
"xelab -wto f214099bbe314940aa0229cee7f24bdc --incr --debug typical --relax --mt 2 -L xil_defaultlib -L unisims_ver -L unimacro_ver -L secureip --snapshot sim_behav xil_defaultlib.sim xil_defaultlib.glbl -log elaborate.log"
Vivado Simulator 2019.1
Copyright 1986-1999, 2001-2019 Xilinx, Inc. All Rights Reserved.
Running: C:/Xilinx/2019/Vivado/2019.1/bin/unwrapped/win64.o/xelab.exe -wto f214099bbe314940aa0229cee7f24bdc --incr --debug typical --relax --mt 2 -L xil_defaultlib -L unisims_ver -L unimacro_ver -L secureip --snapshot sim_behav xil_defaultlib.sim xil_defaultlib.glbl -log elaborate.log 
Using 2 slave threads.
Starting static elaboration
WARNING: [VRFC 10-3705] select index 63 into 'shift_x' is out of bounds [C:/Users/zy/Desktop/Square_Root/Square_Root.srcs/sources_1/new/Real.v:88]
Completed static elaboration
Starting simulation data flow analysis
Completed simulation data flow analysis
Time Resolution for simulation is 1ps
Compiling module xil_defaultlib.Real
Compiling module xil_defaultlib.sim
Compiling module xil_defaultlib.glbl
Built simulation snapshot sim_behav
INFO: [USF-XSim-69] 'elaborate' step finished in '2' seconds
Vivado Simulator 2019.1
Time resolution is 1 ps
relaunch_sim: Time (s): cpu = 00:00:02 ; elapsed = 00:00:06 . Memory (MB): peak = 872.988 ; gain = 0.000
relaunch_sim
INFO: [Vivado 12-5682] Launching behavioral simulation in 'C:/Users/zy/Desktop/Square_Root/Square_Root.sim/sim_1/behav/xsim'
INFO: [SIM-utils-51] Simulation object is 'sim_1'
INFO: [SIM-utils-54] Inspecting design source files for 'sim' in fileset 'sim_1'...
INFO: [USF-XSim-97] Finding global include files...
INFO: [USF-XSim-98] Fetching design files from 'sim_1'...
INFO: [USF-XSim-2] XSim::Compile design
INFO: [USF-XSim-61] Executing 'COMPILE and ANALYZE' step in 'C:/Users/zy/Desktop/Square_Root/Square_Root.sim/sim_1/behav/xsim'
"xvlog --incr --relax -prj sim_vlog.prj"
INFO: [VRFC 10-2263] Analyzing Verilog file "C:/Users/zy/Desktop/Square_Root/Square_Root.srcs/sources_1/new/Real.v" into library xil_defaultlib
INFO: [VRFC 10-311] analyzing module Real
INFO: [VRFC 10-2263] Analyzing Verilog file "C:/Users/zy/Desktop/Square_Root/Square_Root.srcs/sim_1/new/sim.v" into library xil_defaultlib
INFO: [VRFC 10-311] analyzing module sim
INFO: [USF-XSim-69] 'compile' step finished in '1' seconds
INFO: [Vivado 12-5682] Launching behavioral simulation in 'C:/Users/zy/Desktop/Square_Root/Square_Root.sim/sim_1/behav/xsim'
INFO: [USF-XSim-3] XSim::Elaborate design
INFO: [USF-XSim-61] Executing 'ELABORATE' step in 'C:/Users/zy/Desktop/Square_Root/Square_Root.sim/sim_1/behav/xsim'
"xelab -wto f214099bbe314940aa0229cee7f24bdc --incr --debug typical --relax --mt 2 -L xil_defaultlib -L unisims_ver -L unimacro_ver -L secureip --snapshot sim_behav xil_defaultlib.sim xil_defaultlib.glbl -log elaborate.log"
Vivado Simulator 2019.1
Copyright 1986-1999, 2001-2019 Xilinx, Inc. All Rights Reserved.
Running: C:/Xilinx/2019/Vivado/2019.1/bin/unwrapped/win64.o/xelab.exe -wto f214099bbe314940aa0229cee7f24bdc --incr --debug typical --relax --mt 2 -L xil_defaultlib -L unisims_ver -L unimacro_ver -L secureip --snapshot sim_behav xil_defaultlib.sim xil_defaultlib.glbl -log elaborate.log 
Using 2 slave threads.
Starting static elaboration
WARNING: [VRFC 10-3705] select index 63 into 'shift_x' is out of bounds [C:/Users/zy/Desktop/Square_Root/Square_Root.srcs/sources_1/new/Real.v:88]
Completed static elaboration
Starting simulation data flow analysis
Completed simulation data flow analysis
Time Resolution for simulation is 1ps
Compiling module xil_defaultlib.Real
Compiling module xil_defaultlib.sim
Compiling module xil_defaultlib.glbl
Built simulation snapshot sim_behav
INFO: [USF-XSim-69] 'elaborate' step finished in '2' seconds
Vivado Simulator 2019.1
Time resolution is 1 ps
relaunch_sim: Time (s): cpu = 00:00:01 ; elapsed = 00:00:07 . Memory (MB): peak = 872.988 ; gain = 0.000
relaunch_sim
INFO: [Vivado 12-5682] Launching behavioral simulation in 'C:/Users/zy/Desktop/Square_Root/Square_Root.sim/sim_1/behav/xsim'
INFO: [SIM-utils-51] Simulation object is 'sim_1'
INFO: [SIM-utils-54] Inspecting design source files for 'sim' in fileset 'sim_1'...
INFO: [USF-XSim-97] Finding global include files...
INFO: [USF-XSim-98] Fetching design files from 'sim_1'...
INFO: [USF-XSim-2] XSim::Compile design
INFO: [USF-XSim-61] Executing 'COMPILE and ANALYZE' step in 'C:/Users/zy/Desktop/Square_Root/Square_Root.sim/sim_1/behav/xsim'
"xvlog --incr --relax -prj sim_vlog.prj"
INFO: [VRFC 10-2263] Analyzing Verilog file "C:/Users/zy/Desktop/Square_Root/Square_Root.srcs/sources_1/new/Real.v" into library xil_defaultlib
INFO: [VRFC 10-311] analyzing module Real
INFO: [VRFC 10-2263] Analyzing Verilog file "C:/Users/zy/Desktop/Square_Root/Square_Root.srcs/sim_1/new/sim.v" into library xil_defaultlib
INFO: [VRFC 10-311] analyzing module sim
INFO: [USF-XSim-69] 'compile' step finished in '1' seconds
INFO: [Vivado 12-5682] Launching behavioral simulation in 'C:/Users/zy/Desktop/Square_Root/Square_Root.sim/sim_1/behav/xsim'
INFO: [USF-XSim-3] XSim::Elaborate design
INFO: [USF-XSim-61] Executing 'ELABORATE' step in 'C:/Users/zy/Desktop/Square_Root/Square_Root.sim/sim_1/behav/xsim'
"xelab -wto f214099bbe314940aa0229cee7f24bdc --incr --debug typical --relax --mt 2 -L xil_defaultlib -L unisims_ver -L unimacro_ver -L secureip --snapshot sim_behav xil_defaultlib.sim xil_defaultlib.glbl -log elaborate.log"
Vivado Simulator 2019.1
Copyright 1986-1999, 2001-2019 Xilinx, Inc. All Rights Reserved.
Running: C:/Xilinx/2019/Vivado/2019.1/bin/unwrapped/win64.o/xelab.exe -wto f214099bbe314940aa0229cee7f24bdc --incr --debug typical --relax --mt 2 -L xil_defaultlib -L unisims_ver -L unimacro_ver -L secureip --snapshot sim_behav xil_defaultlib.sim xil_defaultlib.glbl -log elaborate.log 
Using 2 slave threads.
Starting static elaboration
WARNING: [VRFC 10-3705] select index 63 into 'shift_x' is out of bounds [C:/Users/zy/Desktop/Square_Root/Square_Root.srcs/sources_1/new/Real.v:89]
Completed static elaboration
Starting simulation data flow analysis
Completed simulation data flow analysis
Time Resolution for simulation is 1ps
Compiling module xil_defaultlib.Real
Compiling module xil_defaultlib.sim
Compiling module xil_defaultlib.glbl
Built simulation snapshot sim_behav
INFO: [USF-XSim-69] 'elaborate' step finished in '2' seconds
Vivado Simulator 2019.1
Time resolution is 1 ps
relaunch_sim: Time (s): cpu = 00:00:02 ; elapsed = 00:00:07 . Memory (MB): peak = 872.988 ; gain = 0.000
save_wave_config {C:/Users/zy/Desktop/Square_Root/sim_behav.wcfg}
close_sim
INFO: [Simtcl 6-16] Simulation closed
exit
INFO: [Common 17-206] Exiting Vivado at Wed Jul 20 16:12:34 2022...
